Start testing: Sep 12 18:39 ric
----------------------------------------------------------
1/1 Testing: TestSumNumbers.test_sum_numbers
1/1 Test: TestSumNumbers.test_sum_numbers
Command: "C:/Users/lucas.correa/Projects/C/new-programming-languages-studies/07. Unit Tests/build/Debug/test_program.exe" "--gtest_filter=TestSumNumbers.test_sum_numbers" "--gtest_also_run_disabled_tests"
Directory: C:/Users/lucas.correa/Projects/C/new-programming-languages-studies/07. Unit Tests/build
"TestSumNumbers.test_sum_numbers" start time: Sep 12 18:39 ric
Output:
----------------------------------------------------------
Note: Google Test filter = TestSumNumbers.test_sum_numbers
[==========] Running 1 test from 1 test suite.
[----------] Global test environment set-up.
[----------] 1 test from TestSumNumbers
[ RUN      ] TestSumNumbers.test_sum_numbers
[       OK ] TestSumNumbers.test_sum_numbers (0 ms)
[----------] 1 test from TestSumNumbers (0 ms total)

[----------] Global test environment tear-down
[==========] 1 test from 1 test suite ran. (0 ms total)
[  PASSED  ] 1 test.
<end of output>
Test time =   0.01 sec
----------------------------------------------------------
Test Passed.
"TestSumNumbers.test_sum_numbers" end time: Sep 12 18:39 ric
"TestSumNumbers.test_sum_numbers" time elapsed: 00:00:00
----------------------------------------------------------

End testing: Sep 12 18:39 ric
